
   INFO  Processing jobs from the [parsing] queue.  


   INFO  Processing jobs from the [parsing] queue.  


   INFO  Processing jobs from the [parsing] queue.  

  2022-11-11 14:59:29 App\Jobs\VisitPersisting .................. 44.73ms FAIL
  2022-11-11 15:06:06 App\Jobs\VisitPersisting ................. 222.93ms FAIL
  2022-11-11 15:32:50 App\Jobs\VisitPersisting ................. 126.48ms DONE
  2022-11-11 16:32:00 App\Jobs\VisitPersisting .................. 67.06ms FAIL
  2022-11-11 16:32:48 App\Jobs\VisitPersisting .................. 11.93ms FAIL
  2022-11-11 16:32:51 App\Jobs\VisitPersisting ................... 7.62ms FAIL
  2022-11-11 16:36:27 App\Jobs\VisitPersisting ................... 9.91ms FAIL
  2022-11-11 19:37:14 App\Jobs\VisitPersisting .................. 45.21ms DONE
  2022-11-13 10:59:55 App\Jobs\VisitPersisting .................. 16.26ms DONE
  2022-11-13 11:29:45 App\Jobs\VisitPersisting .................. 21.58ms FAIL
  2022-11-13 11:34:48 App\Jobs\VisitPersisting .................. 14.73ms DONE
  2022-11-13 11:37:15 App\Jobs\VisitPersisting .................. 18.80ms DONE

   INFO  Processing jobs from the [parsing] queue.  


   INFO  Processing jobs from the [parsing] queue.  


   INFO  Processing jobs from the [parsing] queue.  


   INFO  Processing jobs from the [parsing] queue.  


   INFO  Processing jobs from the [parsing] queue.  


   INFO  Processing jobs from the [parsing] queue.  


   INFO  Processing jobs from the [parsing] queue.  


   INFO  Processing jobs from the [parsing] queue.  


   INFO  Processing jobs from the [parsing] queue.  

